  [1m[36m (5.4ms)[0m  [1mCREATE TABLE "schema_migrations" ("version" character varying NOT NULL) [0m
  [1m[35m (1.5ms)[0m  CREATE UNIQUE INDEX  "unique_schema_migrations" ON "schema_migrations"  ("version")
  [1m[36mActiveRecord::SchemaMigration Load (0.3ms)[0m  [1mSELECT "schema_migrations".* FROM "schema_migrations"[0m
Migrating to DeviseCreateUsers (20151125084834)
  [1m[35m (0.1ms)[0m  BEGIN
  [1m[36m (5.0ms)[0m  [1mCREATE TABLE "users" ("id" serial primary key, "email" character varying DEFAULT '' NOT NULL, "encrypted_password" character varying DEFAULT '' NOT NULL, "reset_password_token" character varying, "reset_password_sent_at" timestamp, "remember_created_at" timestamp, "sign_in_count" integer DEFAULT 0 NOT NULL, "current_sign_in_at" timestamp, "last_sign_in_at" timestamp, "current_sign_in_ip" inet, "last_sign_in_ip" inet, "created_at" timestamp NOT NULL, "updated_at" timestamp NOT NULL) [0m
  [1m[35m (0.8ms)[0m  CREATE UNIQUE INDEX  "index_users_on_email" ON "users"  ("email")
  [1m[36m (0.9ms)[0m  [1mCREATE UNIQUE INDEX  "index_users_on_reset_password_token" ON "users"  ("reset_password_token")[0m
  [1m[35mSQL (0.3ms)[0m  INSERT INTO "schema_migrations" ("version") VALUES ($1)  [["version", "20151125084834"]]
  [1m[36m (0.4ms)[0m  [1mCOMMIT[0m
Migrating to AddNameToUsers (20151125084837)
  [1m[35m (0.3ms)[0m  BEGIN
  [1m[36m (0.8ms)[0m  [1mALTER TABLE "users" ADD "name" character varying[0m
  [1m[35mSQL (0.2ms)[0m  INSERT INTO "schema_migrations" ("version") VALUES ($1)  [["version", "20151125084837"]]
  [1m[36m (0.3ms)[0m  [1mCOMMIT[0m
Migrating to CreateProducts (20151125095428)
  [1m[35m (0.1ms)[0m  BEGIN
  [1m[36m (3.2ms)[0m  [1mCREATE TABLE "products" ("id" serial primary key, "name" character varying, "description" text, "image_path" character varying, "price_vnd" decimal, "weight" integer, "created_at" timestamp NOT NULL, "updated_at" timestamp NOT NULL) [0m
  [1m[35mSQL (0.2ms)[0m  INSERT INTO "schema_migrations" ("version") VALUES ($1)  [["version", "20151125095428"]]
  [1m[36m (0.3ms)[0m  [1mCOMMIT[0m
  [1m[35mActiveRecord::SchemaMigration Load (0.2ms)[0m  SELECT "schema_migrations".* FROM "schema_migrations"
  [1m[36m (3.2ms)[0m  [1mSELECT t2.oid::regclass::text AS to_table, a1.attname AS column, a2.attname AS primary_key, c.conname AS name, c.confupdtype AS on_update, c.confdeltype AS on_delete
FROM pg_constraint c
JOIN pg_class t1 ON c.conrelid = t1.oid
JOIN pg_class t2 ON c.confrelid = t2.oid
JOIN pg_attribute a1 ON a1.attnum = c.conkey[1] AND a1.attrelid = t1.oid
JOIN pg_attribute a2 ON a2.attnum = c.confkey[1] AND a2.attrelid = t2.oid
JOIN pg_namespace t3 ON c.connamespace = t3.oid
WHERE c.contype = 'f'
  AND t1.relname = 'products'
  AND t3.nspname = ANY (current_schemas(false))
ORDER BY c.conname
[0m
  [1m[35m (2.8ms)[0m  SELECT t2.oid::regclass::text AS to_table, a1.attname AS column, a2.attname AS primary_key, c.conname AS name, c.confupdtype AS on_update, c.confdeltype AS on_delete
FROM pg_constraint c
JOIN pg_class t1 ON c.conrelid = t1.oid
JOIN pg_class t2 ON c.confrelid = t2.oid
JOIN pg_attribute a1 ON a1.attnum = c.conkey[1] AND a1.attrelid = t1.oid
JOIN pg_attribute a2 ON a2.attnum = c.confkey[1] AND a2.attrelid = t2.oid
JOIN pg_namespace t3 ON c.connamespace = t3.oid
WHERE c.contype = 'f'
  AND t1.relname = 'users'
  AND t3.nspname = ANY (current_schemas(false))
ORDER BY c.conname

  [1m[36mActiveRecord::SchemaMigration Load (0.4ms)[0m  [1mSELECT "schema_migrations".* FROM "schema_migrations"[0m
  [1m[35mUser Load (0.6ms)[0m  SELECT  "users".* FROM "users" WHERE "users"."email" = $1 LIMIT 1  [["email", "store@coderschool.vn"]]
  [1m[36m (0.2ms)[0m  [1mBEGIN[0m
  [1m[35mUser Exists (0.4ms)[0m  SELECT  1 AS one FROM "users" WHERE "users"."email" = 'store@coderschool.vn' LIMIT 1
  [1m[36mSQL (0.9ms)[0m  [1mINSERT INTO "users" ("email", "encrypted_password", "created_at", "updated_at") VALUES ($1, $2, $3, $4) RETURNING "id"[0m  [["email", "store@coderschool.vn"], ["encrypted_password", "$2a$10$EPFocnUPQfCw4DOL8BHRgOZW5eTRrqeACnRy76J04OOyt2iG9FLYK"], ["created_at", "2015-12-17 12:13:58.934214"], ["updated_at", "2015-12-17 12:13:58.934214"]]
  [1m[35m (0.3ms)[0m  COMMIT
  [1m[36m (0.2ms)[0m  [1mBEGIN[0m
  [1m[35mSQL (0.8ms)[0m  INSERT INTO "products" ("name", "description", "image_path", "price_vnd", "weight", "created_at", "updated_at") VALUES ($1, $2, $3, $4, $5, $6, $7) RETURNING "id"  [["name", "Nón lá"], ["description", "A wonderful conical hat that forms a perfect right circular cone which tapers smoothly from the base to the apex"], ["image_path", "non.jpg"], ["price_vnd", "20000.0"], ["weight", 100], ["created_at", "2015-12-17 12:13:58.947204"], ["updated_at", "2015-12-17 12:13:58.947204"]]
  [1m[36m (0.3ms)[0m  [1mCOMMIT[0m
  [1m[35m (0.1ms)[0m  BEGIN
  [1m[36mSQL (0.2ms)[0m  [1mINSERT INTO "products" ("name", "description", "image_path", "price_vnd", "weight", "created_at", "updated_at") VALUES ($1, $2, $3, $4, $5, $6, $7) RETURNING "id"[0m  [["name", "Cowboy Hat"], ["description", "A high-crowned, wide-brimmed hat best known as the defining piece of attire for the North American cowboy."], ["image_path", "cowboy.jpg"], ["price_vnd", "500000.0"], ["weight", 600], ["created_at", "2015-12-17 12:13:58.950513"], ["updated_at", "2015-12-17 12:13:58.950513"]]
  [1m[35m (0.2ms)[0m  COMMIT
  [1m[36m (0.1ms)[0m  [1mBEGIN[0m
  [1m[35mSQL (0.3ms)[0m  INSERT INTO "products" ("name", "description", "image_path", "price_vnd", "weight", "created_at", "updated_at") VALUES ($1, $2, $3, $4, $5, $6, $7) RETURNING "id"  [["name", "갓"], ["description", "A type of Korean traditional hat worn by men along with hanbok (Korean traditional clothing) during the Joseon period. It is made from horsehair with a bamboo frame and is partly transparent in black color.  Only married and middle class men during the late 19th century could wear gat, which represented their social status and protected their topknots (Hangul: 상투; RR: sangtu)"], ["image_path", "korean.jpg"], ["price_vnd", "80000.0"], ["weight", 300], ["created_at", "2015-12-17 12:13:58.952649"], ["updated_at", "2015-12-17 12:13:58.952649"]]
  [1m[36m (0.3ms)[0m  [1mCOMMIT[0m
  [1m[35m (0.1ms)[0m  BEGIN
  [1m[36mSQL (0.2ms)[0m  [1mINSERT INTO "products" ("name", "description", "image_path", "price_vnd", "weight", "created_at", "updated_at") VALUES ($1, $2, $3, $4, $5, $6, $7) RETURNING "id"[0m  [["name", "Fez"], ["description", "The fez is a felt hat of a short cylinder made of kilim fabric, usually with a tassel attached to the top. The fez owes much of its development and popularity to the Ottoman era. Also, fezes are cool!"], ["image_path", "fez.jpg"], ["price_vnd", "200000.0"], ["weight", 400], ["created_at", "2015-12-17 12:13:58.954576"], ["updated_at", "2015-12-17 12:13:58.954576"]]
  [1m[35m (0.2ms)[0m  COMMIT
  [1m[36m (0.1ms)[0m  [1mBEGIN[0m
  [1m[35mSQL (0.2ms)[0m  INSERT INTO "products" ("name", "description", "image_path", "price_vnd", "weight", "created_at", "updated_at") VALUES ($1, $2, $3, $4, $5, $6, $7) RETURNING "id"  [["name", "Warriors"], ["description", "The Warriors are the first team in the NBA to start 16-0. Celebrate with this cap. The structured fit will keep the hat in place while you're screaming in the stands for your Golden State Warriors!"], ["image_path", "warriors.jpg"], ["price_vnd", "1500000.0"], ["weight", 500], ["created_at", "2015-12-17 12:13:58.956569"], ["updated_at", "2015-12-17 12:13:58.956569"]]
  [1m[36m (0.3ms)[0m  [1mCOMMIT[0m
  [1m[35m (0.3ms)[0m  SELECT COUNT(*) FROM "products"


Started GET "/" for ::1 at 2015-12-17 19:14:45 +0700
  [1m[36mActiveRecord::SchemaMigration Load (0.5ms)[0m  [1mSELECT "schema_migrations".* FROM "schema_migrations"[0m
Processing by VisitorsController#index as HTML
  [1m[35mProduct Load (0.7ms)[0m  SELECT "products".* FROM "products"
  Rendered products/_product.html.erb (10.4ms)
  Rendered products/_product.html.erb (3.9ms)
  Rendered visitors/index.html.erb within layouts/application (349.9ms)
  Rendered layouts/_navigation_links.html.erb (0.3ms)
  Rendered layouts/_navigation.html.slim (7.6ms)
  Rendered layouts/_messages.html.slim (3.7ms)
Completed 200 OK in 4352ms (Views: 4337.5ms | ActiveRecord: 3.8ms)


Started GET "/" for ::1 at 2015-12-17 19:14:49 +0700
Processing by VisitorsController#index as HTML
  [1m[36mProduct Load (0.4ms)[0m  [1mSELECT "products".* FROM "products"[0m
  Rendered products/_product.html.erb (4.5ms)
  Rendered products/_product.html.erb (2.7ms)
  Rendered visitors/index.html.erb within layouts/application (18.2ms)
  Rendered layouts/_navigation_links.html.erb (0.0ms)
  Rendered layouts/_navigation.html.slim (1.1ms)
  Rendered layouts/_messages.html.slim (0.0ms)
Completed 200 OK in 113ms (Views: 111.8ms | ActiveRecord: 0.4ms)


Started GET "/" for ::1 at 2015-12-17 19:30:13 +0700
  [1m[36mActiveRecord::SchemaMigration Load (0.4ms)[0m  [1mSELECT "schema_migrations".* FROM "schema_migrations"[0m
Processing by VisitorsController#index as HTML
  [1m[35mProduct Load (0.6ms)[0m  SELECT "products".* FROM "products"
  Rendered products/_product.html.erb (4.0ms)
  Rendered products/_product.html.erb (2.6ms)
  Rendered visitors/index.html.erb within layouts/application (221.8ms)
  Rendered layouts/_navigation_links.html.erb (0.2ms)
  Rendered layouts/_navigation.html.slim (11.5ms)
  Rendered layouts/_messages.html.slim (2.8ms)
Completed 200 OK in 460ms (Views: 445.0ms | ActiveRecord: 3.7ms)


Started GET "/" for ::1 at 2015-12-17 19:30:14 +0700
Processing by VisitorsController#index as HTML
  [1m[36mProduct Load (0.3ms)[0m  [1mSELECT "products".* FROM "products"[0m
  Rendered products/_product.html.erb (3.1ms)
  Rendered products/_product.html.erb (1.9ms)
  Rendered visitors/index.html.erb within layouts/application (13.5ms)
  Rendered layouts/_navigation_links.html.erb (0.0ms)
  Rendered layouts/_navigation.html.slim (1.1ms)
  Rendered layouts/_messages.html.slim (0.1ms)
Completed 200 OK in 93ms (Views: 91.8ms | ActiveRecord: 0.3ms)


Started GET "/" for ::1 at 2015-12-17 19:30:16 +0700
Processing by VisitorsController#index as HTML
  [1m[35mProduct Load (0.4ms)[0m  SELECT "products".* FROM "products"
  Rendered products/_product.html.erb (4.0ms)
  Rendered products/_product.html.erb (2.4ms)
  Rendered visitors/index.html.erb within layouts/application (16.1ms)
  Rendered layouts/_navigation_links.html.erb (0.2ms)
  Rendered layouts/_navigation.html.slim (4.8ms)
  Rendered layouts/_messages.html.slim (2.5ms)
Completed 200 OK in 110ms (Views: 108.9ms | ActiveRecord: 0.4ms)


Started GET "/" for ::1 at 2015-12-17 19:31:21 +0700
Processing by VisitorsController#index as HTML
  [1m[36mProduct Load (0.3ms)[0m  [1mSELECT "products".* FROM "products"[0m
  Rendered products/_product.html.erb (3.4ms)
  Rendered products/_product.html.erb (2.5ms)
  Rendered visitors/index.html.erb within layouts/application (14.6ms)
  Rendered layouts/_navigation_links.html.erb (0.0ms)
  Rendered layouts/_navigation.html.slim (1.4ms)
  Rendered layouts/_messages.html.slim (0.1ms)
Completed 200 OK in 90ms (Views: 88.9ms | ActiveRecord: 0.3ms)


Started GET "/" for ::1 at 2015-12-17 19:31:29 +0700
Processing by VisitorsController#index as HTML
  [1m[35mProduct Load (0.3ms)[0m  SELECT "products".* FROM "products"
  Rendered products/_product.html.erb (2.9ms)
  Rendered products/_product.html.erb (2.3ms)
  Rendered visitors/index.html.erb within layouts/application (14.0ms)
  Rendered layouts/_navigation_links.html.erb (0.0ms)
  Rendered layouts/_navigation.html.slim (1.7ms)
  Rendered layouts/_messages.html.slim (0.1ms)
Completed 200 OK in 92ms (Views: 91.6ms | ActiveRecord: 0.3ms)


Started GET "/" for ::1 at 2015-12-17 19:31:29 +0700
Processing by VisitorsController#index as HTML
  [1m[36mProduct Load (0.3ms)[0m  [1mSELECT "products".* FROM "products"[0m
  Rendered products/_product.html.erb (2.9ms)
  Rendered products/_product.html.erb (3.2ms)
  Rendered visitors/index.html.erb within layouts/application (14.4ms)
  Rendered layouts/_navigation_links.html.erb (0.0ms)
  Rendered layouts/_navigation.html.slim (1.9ms)
  Rendered layouts/_messages.html.slim (0.1ms)
Completed 200 OK in 93ms (Views: 92.3ms | ActiveRecord: 0.3ms)


Started GET "/" for ::1 at 2015-12-17 19:31:30 +0700
Processing by VisitorsController#index as HTML
  [1m[35mProduct Load (0.4ms)[0m  SELECT "products".* FROM "products"
  Rendered products/_product.html.erb (2.9ms)
  Rendered products/_product.html.erb (2.3ms)
  Rendered visitors/index.html.erb within layouts/application (13.5ms)
  Rendered layouts/_navigation_links.html.erb (0.0ms)
  Rendered layouts/_navigation.html.slim (1.5ms)
  Rendered layouts/_messages.html.slim (0.1ms)
Completed 200 OK in 101ms (Views: 100.5ms | ActiveRecord: 0.4ms)


Started GET "/" for ::1 at 2015-12-17 19:31:30 +0700
Processing by VisitorsController#index as HTML
  [1m[36mProduct Load (0.3ms)[0m  [1mSELECT "products".* FROM "products"[0m
  Rendered products/_product.html.erb (3.2ms)
  Rendered products/_product.html.erb (3.0ms)
  Rendered visitors/index.html.erb within layouts/application (15.1ms)
  Rendered layouts/_navigation_links.html.erb (0.0ms)
  Rendered layouts/_navigation.html.slim (1.5ms)
  Rendered layouts/_messages.html.slim (0.0ms)
Completed 200 OK in 112ms (Views: 111.2ms | ActiveRecord: 0.3ms)


Started GET "/" for ::1 at 2015-12-17 19:31:42 +0700
Processing by VisitorsController#index as HTML
  [1m[35mProduct Load (0.3ms)[0m  SELECT "products".* FROM "products"
  Rendered products/_product.html.erb (3.4ms)
  Rendered products/_product.html.erb (2.5ms)
  Rendered visitors/index.html.erb within layouts/application (15.7ms)
  Rendered layouts/_navigation_links.html.erb (0.0ms)
  Rendered layouts/_navigation.html.slim (4.2ms)
  Rendered layouts/_messages.html.slim (0.0ms)
Completed 200 OK in 106ms (Views: 105.3ms | ActiveRecord: 0.3ms)


Started GET "/" for ::1 at 2015-12-17 19:31:44 +0700
Processing by VisitorsController#index as HTML
  [1m[36mProduct Load (0.3ms)[0m  [1mSELECT "products".* FROM "products"[0m
  Rendered products/_product.html.erb (3.1ms)
  Rendered products/_product.html.erb (1.8ms)
  Rendered visitors/index.html.erb within layouts/application (12.3ms)
  Rendered layouts/_navigation_links.html.erb (0.0ms)
  Rendered layouts/_navigation.html.slim (1.2ms)
  Rendered layouts/_messages.html.slim (0.0ms)
Completed 200 OK in 82ms (Views: 81.2ms | ActiveRecord: 0.3ms)


Started GET "/" for ::1 at 2015-12-17 19:32:01 +0700
Processing by VisitorsController#index as HTML
  [1m[35mProduct Load (0.4ms)[0m  SELECT "products".* FROM "products"
  Rendered products/_product.html.erb (3.7ms)
  Rendered products/_product.html.erb (2.7ms)
  Rendered visitors/index.html.erb within layouts/application (15.7ms)
  Rendered layouts/_navigation_links.html.erb (0.0ms)
  Rendered layouts/_navigation.html.slim (6.5ms)
  Rendered layouts/_messages.html.slim (0.1ms)
Completed 200 OK in 119ms (Views: 118.0ms | ActiveRecord: 0.4ms)


Started GET "/" for ::1 at 2015-12-17 19:32:04 +0700
Processing by VisitorsController#index as HTML
  [1m[36mProduct Load (0.4ms)[0m  [1mSELECT "products".* FROM "products"[0m
  Rendered products/_product.html.erb (3.4ms)
  Rendered products/_product.html.erb (2.4ms)
  Rendered visitors/index.html.erb within layouts/application (15.8ms)
  Rendered layouts/_navigation_links.html.erb (0.0ms)
  Rendered layouts/_navigation.html.slim (4.2ms)
  Rendered layouts/_messages.html.slim (0.0ms)
Completed 200 OK in 93ms (Views: 92.3ms | ActiveRecord: 0.4ms)
